{"C:\\Users\\jlsje\\mongo\\ms-order\\src\\application\\config\\pagination.ts": {"path":"C:\\Users\\jlsje\\mongo\\ms-order\\src\\application\\config\\pagination.ts","statementMap":{"0":{"start":{"line":1,"column":13},"end":{"line":3,"column":2}}},"fnMap":{},"branchMap":{},"s":{"0":1},"f":{},"b":{}}
,"C:\\Users\\jlsje\\mongo\\ms-order\\src\\application\\errors\\ForbiddenError.ts": {"path":"C:\\Users\\jlsje\\mongo\\ms-order\\src\\application\\errors\\ForbiddenError.ts","statementMap":{"0":{"start":{"line":3,"column":4},"end":{"line":3,"column":23}},"1":{"start":{"line":4,"column":4},"end":{"line":4,"column":33}},"2":{"start":{"line":1,"column":0},"end":{"line":1,"column":13}}},"fnMap":{"0":{"name":"(anonymous_0)","decl":{"start":{"line":2,"column":2},"end":{"line":2,"column":null}},"loc":{"start":{"line":2,"column":2},"end":{"line":5,"column":3}}}},"branchMap":{},"s":{"0":4,"1":4,"2":1},"f":{"0":4},"b":{}}
,"C:\\Users\\jlsje\\mongo\\ms-order\\src\\application\\errors\\order\\OrderNotFoundError.ts": {"path":"C:\\Users\\jlsje\\mongo\\ms-order\\src\\application\\errors\\order\\OrderNotFoundError.ts","statementMap":{"0":{"start":{"line":3,"column":4},"end":{"line":3,"column":37}},"1":{"start":{"line":4,"column":4},"end":{"line":4,"column":37}},"2":{"start":{"line":1,"column":0},"end":{"line":1,"column":13}}},"fnMap":{"0":{"name":"(anonymous_0)","decl":{"start":{"line":2,"column":2},"end":{"line":2,"column":null}},"loc":{"start":{"line":2,"column":2},"end":{"line":5,"column":3}}}},"branchMap":{},"s":{"0":7,"1":7,"2":4},"f":{"0":7},"b":{}}
,"C:\\Users\\jlsje\\mongo\\ms-order\\src\\application\\use-cases\\order\\CreateOrder.ts": {"path":"C:\\Users\\jlsje\\mongo\\ms-order\\src\\application\\use-cases\\order\\CreateOrder.ts","statementMap":{"0":{"start":{"line":4,"column":0},"end":{"line":4,"column":60}},"1":{"start":{"line":9,"column":21},"end":{"line":9,"column":65}},"2":{"start":{"line":10,"column":21},"end":{"line":10,"column":82}},"3":{"start":{"line":11,"column":21},"end":{"line":11,"column":54}},"4":{"start":{"line":15,"column":27},"end":{"line":15,"column":108}},"5":{"start":{"line":16,"column":4},"end":{"line":18,"column":5}},"6":{"start":{"line":17,"column":6},"end":{"line":17,"column":47}},"7":{"start":{"line":19,"column":42},"end":{"line":27,"column":6}},"8":{"start":{"line":28,"column":21},"end":{"line":30,"column":6}},"9":{"start":{"line":31,"column":15},"end":{"line":31,"column":35}},"10":{"start":{"line":32,"column":26},"end":{"line":32,"column":49}},"11":{"start":{"line":33,"column":4},"end":{"line":35,"column":7}},"12":{"start":{"line":34,"column":6},"end":{"line":34,"column":32}},"13":{"start":{"line":36,"column":4},"end":{"line":36,"column":81}},"14":{"start":{"line":37,"column":4},"end":{"line":41,"column":6}},"15":{"start":{"line":7,"column":0},"end":{"line":7,"column":13}}},"fnMap":{"0":{"name":"(anonymous_0)","decl":{"start":{"line":8,"column":2},"end":{"line":8,"column":null}},"loc":{"start":{"line":11,"column":74},"end":{"line":12,"column":6}}},"1":{"name":"(anonymous_1)","decl":{"start":{"line":14,"column":2},"end":{"line":14,"column":7}},"loc":{"start":{"line":14,"column":55},"end":{"line":42,"column":3}}},"2":{"name":"(anonymous_2)","decl":{"start":{"line":33,"column":26},"end":{"line":33,"column":27}},"loc":{"start":{"line":33,"column":48},"end":{"line":35,"column":5}}}},"branchMap":{"0":{"loc":{"start":{"line":11,"column":21},"end":{"line":11,"column":74}},"type":"default-arg","locations":[{"start":{"line":11,"column":54},"end":{"line":11,"column":74}}]},"1":{"loc":{"start":{"line":16,"column":4},"end":{"line":18,"column":5}},"type":"if","locations":[{"start":{"line":16,"column":4},"end":{"line":18,"column":5}}]}},"s":{"0":1,"1":1,"2":1,"3":1,"4":1,"5":1,"6":0,"7":1,"8":1,"9":1,"10":1,"11":1,"12":2,"13":1,"14":1,"15":1},"f":{"0":1,"1":1,"2":2},"b":{"0":[0],"1":[0]}}
,"C:\\Users\\jlsje\\mongo\\ms-order\\src\\application\\use-cases\\order\\DeleteOrder.ts": {"path":"C:\\Users\\jlsje\\mongo\\ms-order\\src\\application\\use-cases\\order\\DeleteOrder.ts","statementMap":{"0":{"start":{"line":5,"column":31},"end":{"line":5,"column":75}},"1":{"start":{"line":8,"column":4},"end":{"line":8,"column":58}},"2":{"start":{"line":4,"column":0},"end":{"line":4,"column":13}}},"fnMap":{"0":{"name":"(anonymous_0)","decl":{"start":{"line":5,"column":2},"end":{"line":5,"column":31}},"loc":{"start":{"line":5,"column":75},"end":{"line":5,"column":79}}},"1":{"name":"(anonymous_1)","decl":{"start":{"line":7,"column":2},"end":{"line":7,"column":7}},"loc":{"start":{"line":7,"column":53},"end":{"line":9,"column":3}}}},"branchMap":{},"s":{"0":1,"1":1,"2":1},"f":{"0":1,"1":1},"b":{}}
,"C:\\Users\\jlsje\\mongo\\ms-order\\src\\application\\use-cases\\order\\GetOrderByFilter.ts": {"path":"C:\\Users\\jlsje\\mongo\\ms-order\\src\\application\\use-cases\\order\\GetOrderByFilter.ts","statementMap":{"0":{"start":{"line":1,"column":0},"end":{"line":1,"column":75}},"1":{"start":{"line":6,"column":31},"end":{"line":6,"column":87}},"2":{"start":{"line":9,"column":23},"end":{"line":9,"column":34}},"3":{"start":{"line":10,"column":18},"end":{"line":10,"column":86}},"4":{"start":{"line":12,"column":4},"end":{"line":14,"column":5}},"5":{"start":{"line":13,"column":6},"end":{"line":13,"column":38}},"6":{"start":{"line":16,"column":4},"end":{"line":16,"column":17}},"7":{"start":{"line":5,"column":0},"end":{"line":5,"column":13}}},"fnMap":{"0":{"name":"(anonymous_0)","decl":{"start":{"line":6,"column":2},"end":{"line":6,"column":31}},"loc":{"start":{"line":6,"column":87},"end":{"line":6,"column":91}}},"1":{"name":"(anonymous_1)","decl":{"start":{"line":8,"column":2},"end":{"line":8,"column":7}},"loc":{"start":{"line":8,"column":63},"end":{"line":17,"column":3}}}},"branchMap":{"0":{"loc":{"start":{"line":12,"column":4},"end":{"line":14,"column":5}},"type":"if","locations":[{"start":{"line":12,"column":4},"end":{"line":14,"column":5}}]}},"s":{"0":1,"1":2,"2":2,"3":2,"4":2,"5":1,"6":1,"7":1},"f":{"0":2,"1":2},"b":{"0":[1]}}
,"C:\\Users\\jlsje\\mongo\\ms-order\\src\\application\\use-cases\\order\\GetOrderById.ts": {"path":"C:\\Users\\jlsje\\mongo\\ms-order\\src\\application\\use-cases\\order\\GetOrderById.ts","statementMap":{"0":{"start":{"line":1,"column":0},"end":{"line":1,"column":75}},"1":{"start":{"line":6,"column":31},"end":{"line":6,"column":77}},"2":{"start":{"line":9,"column":18},"end":{"line":9,"column":73}},"3":{"start":{"line":10,"column":4},"end":{"line":12,"column":5}},"4":{"start":{"line":11,"column":6},"end":{"line":11,"column":38}},"5":{"start":{"line":13,"column":4},"end":{"line":13,"column":17}},"6":{"start":{"line":5,"column":0},"end":{"line":5,"column":13}}},"fnMap":{"0":{"name":"(anonymous_0)","decl":{"start":{"line":6,"column":2},"end":{"line":6,"column":31}},"loc":{"start":{"line":6,"column":77},"end":{"line":6,"column":81}}},"1":{"name":"(anonymous_1)","decl":{"start":{"line":8,"column":2},"end":{"line":8,"column":7}},"loc":{"start":{"line":8,"column":54},"end":{"line":14,"column":3}}}},"branchMap":{"0":{"loc":{"start":{"line":10,"column":4},"end":{"line":12,"column":5}},"type":"if","locations":[{"start":{"line":10,"column":4},"end":{"line":12,"column":5}}]}},"s":{"0":1,"1":3,"2":3,"3":2,"4":1,"5":1,"6":1},"f":{"0":3,"1":3},"b":{"0":[1]}}
,"C:\\Users\\jlsje\\mongo\\ms-order\\src\\application\\use-cases\\order\\GetOrders.ts": {"path":"C:\\Users\\jlsje\\mongo\\ms-order\\src\\application\\use-cases\\order\\GetOrders.ts","statementMap":{"0":{"start":{"line":3,"column":0},"end":{"line":3,"column":59}},"1":{"start":{"line":6,"column":31},"end":{"line":6,"column":71}},"2":{"start":{"line":9,"column":25},"end":{"line":9,"column":31}},"3":{"start":{"line":10,"column":32},"end":{"line":10,"column":48}},"4":{"start":{"line":11,"column":4},"end":{"line":14,"column":7}},"5":{"start":{"line":5,"column":0},"end":{"line":5,"column":13}}},"fnMap":{"0":{"name":"(anonymous_0)","decl":{"start":{"line":6,"column":2},"end":{"line":6,"column":31}},"loc":{"start":{"line":6,"column":71},"end":{"line":6,"column":75}}},"1":{"name":"(anonymous_1)","decl":{"start":{"line":8,"column":2},"end":{"line":8,"column":7}},"loc":{"start":{"line":8,"column":50},"end":{"line":15,"column":3}}}},"branchMap":{"0":{"loc":{"start":{"line":9,"column":12},"end":{"line":9,"column":20}},"type":"default-arg","locations":[{"start":{"line":9,"column":19},"end":{"line":9,"column":20}}]}},"s":{"0":1,"1":2,"2":2,"3":2,"4":2,"5":1},"f":{"0":2,"1":2},"b":{"0":[0]}}
,"C:\\Users\\jlsje\\mongo\\ms-order\\src\\application\\use-cases\\order\\UpdateOrder.ts": {"path":"C:\\Users\\jlsje\\mongo\\ms-order\\src\\application\\use-cases\\order\\UpdateOrder.ts","statementMap":{"0":{"start":{"line":3,"column":0},"end":{"line":3,"column":90}},"1":{"start":{"line":8,"column":21},"end":{"line":8,"column":67}},"2":{"start":{"line":9,"column":21},"end":{"line":9,"column":65}},"3":{"start":{"line":13,"column":35},"end":{"line":13,"column":41}},"4":{"start":{"line":14,"column":18},"end":{"line":14,"column":73}},"5":{"start":{"line":16,"column":4},"end":{"line":18,"column":5}},"6":{"start":{"line":17,"column":6},"end":{"line":17,"column":38}},"7":{"start":{"line":20,"column":4},"end":{"line":20,"column":74}},"8":{"start":{"line":6,"column":0},"end":{"line":6,"column":13}}},"fnMap":{"0":{"name":"(anonymous_0)","decl":{"start":{"line":7,"column":2},"end":{"line":7,"column":null}},"loc":{"start":{"line":9,"column":65},"end":{"line":10,"column":6}}},"1":{"name":"(anonymous_1)","decl":{"start":{"line":12,"column":2},"end":{"line":12,"column":7}},"loc":{"start":{"line":12,"column":52},"end":{"line":21,"column":3}}}},"branchMap":{"0":{"loc":{"start":{"line":16,"column":4},"end":{"line":18,"column":5}},"type":"if","locations":[{"start":{"line":16,"column":4},"end":{"line":18,"column":5}}]}},"s":{"0":1,"1":2,"2":2,"3":2,"4":2,"5":2,"6":1,"7":1,"8":1},"f":{"0":2,"1":2},"b":{"0":[1]}}
,"C:\\Users\\jlsje\\mongo\\ms-order\\src\\application\\use-cases\\web-hook\\handle-webhook.ts": {"path":"C:\\Users\\jlsje\\mongo\\ms-order\\src\\application\\use-cases\\web-hook\\handle-webhook.ts","statementMap":{"0":{"start":{"line":2,"column":0},"end":{"line":2,"column":52}},"1":{"start":{"line":12,"column":15},"end":{"line":12,"column":29}},"2":{"start":{"line":14,"column":4},"end":{"line":45,"column":5}},"3":{"start":{"line":16,"column":8},"end":{"line":20,"column":10}},"4":{"start":{"line":22,"column":8},"end":{"line":26,"column":10}},"5":{"start":{"line":28,"column":8},"end":{"line":32,"column":10}},"6":{"start":{"line":34,"column":8},"end":{"line":38,"column":10}},"7":{"start":{"line":40,"column":8},"end":{"line":44,"column":10}},"8":{"start":{"line":49,"column":23},"end":{"line":49,"column":35}},"9":{"start":{"line":50,"column":22},"end":{"line":50,"column":24}},"10":{"start":{"line":51,"column":4},"end":{"line":54,"column":5}},"11":{"start":{"line":51,"column":17},"end":{"line":51,"column":18}},"12":{"start":{"line":52,"column":21},"end":{"line":52,"column":66}},"13":{"start":{"line":53,"column":6},"end":{"line":53,"column":47}},"14":{"start":{"line":55,"column":4},"end":{"line":55,"column":23}},"15":{"start":{"line":10,"column":0},"end":{"line":10,"column":13}}},"fnMap":{"0":{"name":"(anonymous_0)","decl":{"start":{"line":11,"column":2},"end":{"line":11,"column":7}},"loc":{"start":{"line":11,"column":36},"end":{"line":46,"column":3}}},"1":{"name":"(anonymous_1)","decl":{"start":{"line":48,"column":2},"end":{"line":48,"column":9}},"loc":{"start":{"line":48,"column":9},"end":{"line":56,"column":3}}}},"branchMap":{"0":{"loc":{"start":{"line":14,"column":4},"end":{"line":45,"column":5}},"type":"switch","locations":[{"start":{"line":15,"column":6},"end":{"line":20,"column":10}},{"start":{"line":21,"column":6},"end":{"line":26,"column":10}},{"start":{"line":27,"column":6},"end":{"line":32,"column":10}},{"start":{"line":33,"column":6},"end":{"line":38,"column":10}},{"start":{"line":39,"column":6},"end":{"line":44,"column":10}}]}},"s":{"0":2,"1":5,"2":5,"3":1,"4":1,"5":1,"6":1,"7":1,"8":5,"9":5,"10":5,"11":5,"12":50,"13":50,"14":5,"15":2},"f":{"0":5,"1":5},"b":{"0":[1,1,1,1,1]}}
,"C:\\Users\\jlsje\\mongo\\ms-order\\src\\infra\\database\\orm\\prisma.ts": {"path":"C:\\Users\\jlsje\\mongo\\ms-order\\src\\infra\\database\\orm\\prisma.ts","statementMap":{"0":{"start":{"line":1,"column":0},"end":{"line":1,"column":46}},"1":{"start":{"line":3,"column":13},"end":{"line":3,"column":41}}},"fnMap":{},"branchMap":{},"s":{"0":1,"1":1},"f":{},"b":{}}
,"C:\\Users\\jlsje\\mongo\\ms-order\\src\\infra\\database\\repositories\\OrderProductsRepository.ts": {"path":"C:\\Users\\jlsje\\mongo\\ms-order\\src\\infra\\database\\repositories\\OrderProductsRepository.ts","statementMap":{"0":{"start":{"line":2,"column":0},"end":{"line":2,"column":39}},"1":{"start":{"line":5,"column":4},"end":{"line":14,"column":7}},"2":{"start":{"line":6,"column":6},"end":{"line":13,"column":9}},"3":{"start":{"line":3,"column":0},"end":{"line":3,"column":13}}},"fnMap":{"0":{"name":"(anonymous_0)","decl":{"start":{"line":4,"column":2},"end":{"line":4,"column":7}},"loc":{"start":{"line":4,"column":50},"end":{"line":15,"column":3}}},"1":{"name":"(anonymous_1)","decl":{"start":{"line":5,"column":30},"end":{"line":5,"column":35}},"loc":{"start":{"line":5,"column":48},"end":{"line":14,"column":5}}}},"branchMap":{},"s":{"0":1,"1":1,"2":2,"3":1},"f":{"0":1,"1":2},"b":{}}
,"C:\\Users\\jlsje\\mongo\\ms-order\\src\\infra\\database\\repositories\\OrderRepository.ts": {"path":"C:\\Users\\jlsje\\mongo\\ms-order\\src\\infra\\database\\repositories\\OrderRepository.ts","statementMap":{"0":{"start":{"line":8,"column":0},"end":{"line":8,"column":39}},"1":{"start":{"line":12,"column":29},"end":{"line":12,"column":38}},"2":{"start":{"line":13,"column":19},"end":{"line":13,"column":67}},"3":{"start":{"line":14,"column":20},"end":{"line":14,"column":70}},"4":{"start":{"line":15,"column":21},"end":{"line":24,"column":6}},"5":{"start":{"line":25,"column":15},"end":{"line":25,"column":26}},"6":{"start":{"line":26,"column":4},"end":{"line":30,"column":6}},"7":{"start":{"line":34,"column":17},"end":{"line":36,"column":6}},"8":{"start":{"line":37,"column":26},"end":{"line":37,"column":61}},"9":{"start":{"line":38,"column":19},"end":{"line":38,"column":45}},"10":{"start":{"line":39,"column":4},"end":{"line":48,"column":6}},"11":{"start":{"line":51,"column":23},"end":{"line":51,"column":34}},"12":{"start":{"line":52,"column":19},"end":{"line":52,"column":57}},"13":{"start":{"line":53,"column":17},"end":{"line":56,"column":6}},"14":{"start":{"line":57,"column":4},"end":{"line":57,"column":16}},"15":{"start":{"line":60,"column":35},"end":{"line":60,"column":41}},"16":{"start":{"line":61,"column":4},"end":{"line":72,"column":7}},"17":{"start":{"line":75,"column":20},"end":{"line":75,"column":60}},"18":{"start":{"line":76,"column":4},"end":{"line":78,"column":5}},"19":{"start":{"line":77,"column":6},"end":{"line":77,"column":61}},"20":{"start":{"line":79,"column":4},"end":{"line":81,"column":7}},"21":{"start":{"line":84,"column":23},"end":{"line":86,"column":6}},"22":{"start":{"line":87,"column":4},"end":{"line":89,"column":5}},"23":{"start":{"line":88,"column":6},"end":{"line":88,"column":61}},"24":{"start":{"line":90,"column":4},"end":{"line":90,"column":22}},"25":{"start":{"line":94,"column":38},"end":{"line":94,"column":44}},"26":{"start":{"line":95,"column":17},"end":{"line":97,"column":6}},"27":{"start":{"line":98,"column":18},"end":{"line":98,"column":44}},"28":{"start":{"line":99,"column":23},"end":{"line":99,"column":57}},"29":{"start":{"line":100,"column":4},"end":{"line":100,"column":45}},"30":{"start":{"line":104,"column":26},"end":{"line":106,"column":6}},"31":{"start":{"line":107,"column":4},"end":{"line":107,"column":25}},"32":{"start":{"line":10,"column":0},"end":{"line":10,"column":13}}},"fnMap":{"0":{"name":"(anonymous_0)","decl":{"start":{"line":11,"column":2},"end":{"line":11,"column":7}},"loc":{"start":{"line":11,"column":60},"end":{"line":31,"column":3}}},"1":{"name":"(anonymous_1)","decl":{"start":{"line":33,"column":2},"end":{"line":33,"column":7}},"loc":{"start":{"line":33,"column":36},"end":{"line":49,"column":3}}},"2":{"name":"(anonymous_2)","decl":{"start":{"line":50,"column":2},"end":{"line":50,"column":19}},"loc":{"start":{"line":50,"column":68},"end":{"line":58,"column":3}}},"3":{"name":"(anonymous_3)","decl":{"start":{"line":59,"column":2},"end":{"line":59,"column":13}},"loc":{"start":{"line":59,"column":51},"end":{"line":73,"column":3}}},"4":{"name":"(anonymous_4)","decl":{"start":{"line":74,"column":2},"end":{"line":74,"column":7}},"loc":{"start":{"line":74,"column":35},"end":{"line":82,"column":3}}},"5":{"name":"(anonymous_5)","decl":{"start":{"line":83,"column":2},"end":{"line":83,"column":7}},"loc":{"start":{"line":83,"column":44},"end":{"line":91,"column":3}}},"6":{"name":"(anonymous_6)","decl":{"start":{"line":93,"column":2},"end":{"line":93,"column":7}},"loc":{"start":{"line":93,"column":53},"end":{"line":101,"column":3}}},"7":{"name":"(anonymous_7)","decl":{"start":{"line":103,"column":2},"end":{"line":103,"column":7}},"loc":{"start":{"line":103,"column":37},"end":{"line":108,"column":3}}}},"branchMap":{"0":{"loc":{"start":{"line":76,"column":4},"end":{"line":78,"column":5}},"type":"if","locations":[{"start":{"line":76,"column":4},"end":{"line":78,"column":5}}]},"1":{"loc":{"start":{"line":87,"column":4},"end":{"line":89,"column":5}},"type":"if","locations":[{"start":{"line":87,"column":4},"end":{"line":89,"column":5}}]}},"s":{"0":1,"1":1,"2":1,"3":1,"4":1,"5":1,"6":1,"7":1,"8":1,"9":1,"10":1,"11":1,"12":1,"13":1,"14":1,"15":1,"16":1,"17":1,"18":1,"19":0,"20":1,"21":1,"22":1,"23":0,"24":1,"25":1,"26":1,"27":1,"28":1,"29":1,"30":1,"31":1,"32":1},"f":{"0":1,"1":1,"2":1,"3":1,"4":1,"5":1,"6":1,"7":1},"b":{"0":[0],"1":[0]}}
}
