TN:
SF:src\application\config\pagination.ts
FNF:0
FNH:0
DA:1,1
LF:1
LH:1
BRF:0
BRH:0
end_of_record
TN:
SF:src\application\errors\ForbiddenError.ts
FN:2,(anonymous_0)
FNF:1
FNH:1
FNDA:4,(anonymous_0)
DA:1,1
DA:3,4
DA:4,4
LF:3
LH:3
BRF:0
BRH:0
end_of_record
TN:
SF:src\application\errors\order\OrderNotFoundError.ts
FN:2,(anonymous_0)
FNF:1
FNH:1
FNDA:7,(anonymous_0)
DA:1,4
DA:3,7
DA:4,7
LF:3
LH:3
BRF:0
BRH:0
end_of_record
TN:
SF:src\application\use-cases\order\CreateOrder.ts
FN:8,(anonymous_0)
FN:14,(anonymous_1)
FN:33,(anonymous_2)
FNF:3
FNH:3
FNDA:1,(anonymous_0)
FNDA:1,(anonymous_1)
FNDA:2,(anonymous_2)
DA:4,1
DA:7,1
DA:9,1
DA:10,1
DA:11,1
DA:15,1
DA:16,1
DA:17,0
DA:19,1
DA:28,1
DA:31,1
DA:32,1
DA:33,1
DA:34,2
DA:36,1
DA:37,1
LF:16
LH:15
BRDA:11,0,0,0
BRDA:16,1,0,0
BRF:2
BRH:0
end_of_record
TN:
SF:src\application\use-cases\order\DeleteOrder.ts
FN:5,(anonymous_0)
FN:7,(anonymous_1)
FNF:2
FNH:2
FNDA:1,(anonymous_0)
FNDA:1,(anonymous_1)
DA:4,1
DA:5,1
DA:8,1
LF:3
LH:3
BRF:0
BRH:0
end_of_record
TN:
SF:src\application\use-cases\order\GetOrderByFilter.ts
FN:6,(anonymous_0)
FN:8,(anonymous_1)
FNF:2
FNH:2
FNDA:2,(anonymous_0)
FNDA:2,(anonymous_1)
DA:1,1
DA:5,1
DA:6,2
DA:9,2
DA:10,2
DA:12,2
DA:13,1
DA:16,1
LF:8
LH:8
BRDA:12,0,0,1
BRF:1
BRH:1
end_of_record
TN:
SF:src\application\use-cases\order\GetOrderById.ts
FN:6,(anonymous_0)
FN:8,(anonymous_1)
FNF:2
FNH:2
FNDA:3,(anonymous_0)
FNDA:3,(anonymous_1)
DA:1,1
DA:5,1
DA:6,3
DA:9,3
DA:10,2
DA:11,1
DA:13,1
LF:7
LH:7
BRDA:10,0,0,1
BRF:1
BRH:1
end_of_record
TN:
SF:src\application\use-cases\order\GetOrders.ts
FN:6,(anonymous_0)
FN:8,(anonymous_1)
FNF:2
FNH:2
FNDA:2,(anonymous_0)
FNDA:2,(anonymous_1)
DA:3,1
DA:5,1
DA:6,2
DA:9,2
DA:10,2
DA:11,2
LF:6
LH:6
BRDA:9,0,0,0
BRF:1
BRH:0
end_of_record
TN:
SF:src\application\use-cases\order\UpdateOrder.ts
FN:7,(anonymous_0)
FN:12,(anonymous_1)
FNF:2
FNH:2
FNDA:2,(anonymous_0)
FNDA:2,(anonymous_1)
DA:3,1
DA:6,1
DA:8,2
DA:9,2
DA:13,2
DA:14,2
DA:16,2
DA:17,1
DA:20,1
LF:9
LH:9
BRDA:16,0,0,1
BRF:1
BRH:1
end_of_record
TN:
SF:src\application\use-cases\web-hook\handle-webhook.ts
FN:11,(anonymous_0)
FN:48,(anonymous_1)
FNF:2
FNH:2
FNDA:5,(anonymous_0)
FNDA:5,(anonymous_1)
DA:2,2
DA:10,2
DA:12,5
DA:14,5
DA:16,1
DA:22,1
DA:28,1
DA:34,1
DA:40,1
DA:49,5
DA:50,5
DA:51,5
DA:52,50
DA:53,50
DA:55,5
LF:15
LH:15
BRDA:14,0,0,1
BRDA:14,0,1,1
BRDA:14,0,2,1
BRDA:14,0,3,1
BRDA:14,0,4,1
BRF:5
BRH:5
end_of_record
TN:
SF:src\infra\database\orm\prisma.ts
FNF:0
FNH:0
DA:1,1
DA:3,1
LF:2
LH:2
BRF:0
BRH:0
end_of_record
TN:
SF:src\infra\database\repositories\OrderProductsRepository.ts
FN:4,(anonymous_0)
FN:5,(anonymous_1)
FNF:2
FNH:2
FNDA:1,(anonymous_0)
FNDA:2,(anonymous_1)
DA:2,1
DA:3,1
DA:5,1
DA:6,2
LF:4
LH:4
BRF:0
BRH:0
end_of_record
TN:
SF:src\infra\database\repositories\OrderRepository.ts
FN:11,(anonymous_0)
FN:33,(anonymous_1)
FN:50,(anonymous_2)
FN:59,(anonymous_3)
FN:74,(anonymous_4)
FN:83,(anonymous_5)
FN:93,(anonymous_6)
FN:103,(anonymous_7)
FNF:8
FNH:8
FNDA:1,(anonymous_0)
FNDA:1,(anonymous_1)
FNDA:1,(anonymous_2)
FNDA:1,(anonymous_3)
FNDA:1,(anonymous_4)
FNDA:1,(anonymous_5)
FNDA:1,(anonymous_6)
FNDA:1,(anonymous_7)
DA:8,1
DA:10,1
DA:12,1
DA:13,1
DA:14,1
DA:15,1
DA:25,1
DA:26,1
DA:34,1
DA:37,1
DA:38,1
DA:39,1
DA:51,1
DA:52,1
DA:53,1
DA:57,1
DA:60,1
DA:61,1
DA:75,1
DA:76,1
DA:77,0
DA:79,1
DA:84,1
DA:87,1
DA:88,0
DA:90,1
DA:94,1
DA:95,1
DA:98,1
DA:99,1
DA:100,1
DA:104,1
DA:107,1
LF:33
LH:31
BRDA:76,0,0,0
BRDA:87,1,0,0
BRF:2
BRH:0
end_of_record
