TN:
SF:src\application\config\pagination.ts
FNF:0
FNH:0
DA:1,1
LF:1
LH:1
BRF:0
BRH:0
end_of_record
TN:
SF:src\application\errors\ForbiddenError.ts
FN:2,(anonymous_0)
FNF:1
FNH:1
FNDA:4,(anonymous_0)
DA:1,1
DA:3,4
DA:4,4
LF:3
LH:3
BRF:0
BRH:0
end_of_record
TN:
SF:src\application\errors\order\OrderNotFoundError.ts
FN:2,(anonymous_0)
FNF:1
FNH:1
FNDA:11,(anonymous_0)
DA:1,7
DA:3,11
DA:4,11
LF:3
LH:3
BRF:0
BRH:0
end_of_record
TN:
SF:src\application\use-cases\order\CreateOrder.ts
FN:8,(anonymous_0)
FN:14,(anonymous_1)
FN:30,(anonymous_2)
FNF:3
FNH:3
FNDA:3,(anonymous_0)
FNDA:1,(anonymous_1)
FNDA:2,(anonymous_2)
DA:4,1
DA:7,1
DA:9,3
DA:10,3
DA:11,3
DA:15,1
DA:16,1
DA:25,1
DA:28,1
DA:29,1
DA:30,1
DA:31,2
DA:33,1
DA:34,1
LF:14
LH:14
BRDA:11,0,0,1
BRF:1
BRH:1
end_of_record
TN:
SF:src\application\use-cases\order\DeleteOrder.ts
FN:5,(anonymous_0)
FN:7,(anonymous_1)
FNF:2
FNH:2
FNDA:1,(anonymous_0)
FNDA:1,(anonymous_1)
DA:4,1
DA:5,1
DA:8,1
LF:3
LH:3
BRF:0
BRH:0
end_of_record
TN:
SF:src\application\use-cases\order\GetOrderByFilter.ts
FN:6,(anonymous_0)
FN:8,(anonymous_1)
FNF:2
FNH:2
FNDA:2,(anonymous_0)
FNDA:2,(anonymous_1)
DA:1,1
DA:5,1
DA:6,2
DA:9,2
DA:10,2
DA:11,2
DA:12,1
DA:15,1
LF:8
LH:8
BRDA:11,0,0,1
BRDA:11,1,0,2
BRDA:11,1,1,1
BRF:3
BRH:3
end_of_record
TN:
SF:src\application\use-cases\order\GetOrderById.ts
FN:6,(anonymous_0)
FN:8,(anonymous_1)
FNF:2
FNH:2
FNDA:3,(anonymous_0)
FNDA:3,(anonymous_1)
DA:1,1
DA:5,1
DA:6,3
DA:9,3
DA:10,2
DA:11,1
DA:13,1
LF:7
LH:7
BRDA:10,0,0,1
BRF:1
BRH:1
end_of_record
TN:
SF:src\application\use-cases\order\GetOrders.ts
FN:6,(anonymous_0)
FN:8,(anonymous_1)
FNF:2
FNH:2
FNDA:2,(anonymous_0)
FNDA:2,(anonymous_1)
DA:3,1
DA:5,1
DA:6,2
DA:9,2
DA:10,2
DA:11,2
LF:6
LH:6
BRF:0
BRH:0
end_of_record
TN:
SF:src\application\use-cases\order\UpdateOrder.ts
FN:7,(anonymous_0)
FN:12,(anonymous_1)
FNF:2
FNH:2
FNDA:2,(anonymous_0)
FNDA:2,(anonymous_1)
DA:3,1
DA:6,1
DA:8,2
DA:9,2
DA:13,2
DA:14,2
DA:16,2
DA:17,1
DA:20,1
LF:9
LH:9
BRDA:16,0,0,1
BRF:1
BRH:1
end_of_record
TN:
SF:src\application\use-cases\web-hook\handle-webhook.ts
FN:11,(anonymous_0)
FN:48,(anonymous_1)
FNF:2
FNH:2
FNDA:5,(anonymous_0)
FNDA:5,(anonymous_1)
DA:2,2
DA:10,2
DA:12,5
DA:14,5
DA:16,1
DA:22,1
DA:28,1
DA:34,1
DA:40,1
DA:49,5
DA:50,5
DA:51,5
DA:52,50
DA:53,50
DA:55,5
LF:15
LH:15
BRDA:14,0,0,1
BRDA:14,0,1,1
BRDA:14,0,2,1
BRDA:14,0,3,1
BRDA:14,0,4,1
BRF:5
BRH:5
end_of_record
TN:
SF:src\infra\database\orm\prisma.ts
FNF:0
FNH:0
DA:1,1
DA:3,1
LF:2
LH:2
BRF:0
BRH:0
end_of_record
TN:
SF:src\infra\database\repositories\OrderProductsRepository.ts
FN:4,(anonymous_0)
FN:5,(anonymous_1)
FNF:2
FNH:2
FNDA:1,(anonymous_0)
FNDA:2,(anonymous_1)
DA:2,1
DA:3,1
DA:5,1
DA:6,2
LF:4
LH:4
BRF:0
BRH:0
end_of_record
TN:
SF:src\infra\database\repositories\OrderRepository.ts
FN:11,(anonymous_0)
FN:33,(anonymous_1)
FN:50,(anonymous_2)
FN:59,(anonymous_3)
FN:74,(anonymous_4)
FN:79,(anonymous_5)
FN:86,(anonymous_6)
FN:96,(anonymous_7)
FNF:8
FNH:8
FNDA:1,(anonymous_0)
FNDA:1,(anonymous_1)
FNDA:1,(anonymous_2)
FNDA:2,(anonymous_3)
FNDA:2,(anonymous_4)
FNDA:1,(anonymous_5)
FNDA:1,(anonymous_6)
FNDA:1,(anonymous_7)
DA:8,1
DA:10,1
DA:12,1
DA:13,1
DA:14,1
DA:15,1
DA:25,1
DA:26,1
DA:34,1
DA:37,1
DA:38,1
DA:39,1
DA:51,1
DA:52,1
DA:53,1
DA:57,1
DA:60,2
DA:61,2
DA:75,2
DA:80,1
DA:83,1
DA:87,1
DA:88,1
DA:91,1
DA:92,1
DA:93,1
DA:97,1
DA:100,1
LF:28
LH:28
BRF:0
BRH:0
end_of_record
TN:
SF:src\infra\http\controllers\BaseController.ts
FN:7,(anonymous_0)
FN:10,(anonymous_1)
FNF:2
FNH:2
FNDA:14,(anonymous_0)
FNDA:3,(anonymous_1)
DA:4,6
DA:6,6
DA:7,14
DA:11,3
DA:12,3
DA:13,3
DA:14,1
DA:16,2
DA:18,1
LF:9
LH:9
BRDA:13,0,0,1
BRF:1
BRH:1
end_of_record
TN:
SF:src\infra\http\controllers\order\CreateOrderController.ts
FN:8,(anonymous_0)
FN:15,(anonymous_1)
FNF:2
FNH:2
FNDA:3,(anonymous_0)
FNDA:3,(anonymous_1)
DA:2,1
DA:7,1
DA:9,3
DA:10,3
DA:12,3
DA:16,3
DA:17,3
DA:18,2
DA:19,1
DA:24,1
LF:10
LH:10
BRDA:18,0,0,1
BRF:1
BRH:1
end_of_record
TN:
SF:src\infra\http\controllers\order\DeleteOrderController.ts
FN:10,(anonymous_0)
FN:17,(anonymous_1)
FNF:2
FNH:2
FNDA:3,(anonymous_0)
FNDA:3,(anonymous_1)
DA:1,1
DA:4,1
DA:7,1
DA:9,1
DA:11,3
DA:12,3
DA:14,3
DA:18,3
DA:19,3
DA:20,2
DA:21,1
DA:23,1
DA:24,1
LF:13
LH:13
BRDA:20,0,0,1
BRF:1
BRH:1
end_of_record
TN:
SF:src\infra\http\controllers\order\GetOrderByFiltersController.ts
FN:10,(anonymous_0)
FN:17,(anonymous_1)
FNF:2
FNH:2
FNDA:2,(anonymous_0)
FNDA:2,(anonymous_1)
DA:1,1
DA:4,1
DA:5,1
DA:9,1
DA:11,2
DA:12,2
DA:14,2
DA:18,2
DA:19,2
DA:20,2
DA:21,1
DA:23,1
LF:12
LH:12
BRDA:20,0,0,1
BRF:1
BRH:1
end_of_record
TN:
SF:src\infra\http\controllers\order\GetOrderByIdController.ts
FN:9,(anonymous_0)
FN:13,(anonymous_1)
FNF:2
FNH:2
FNDA:2,(anonymous_0)
FNDA:2,(anonymous_1)
DA:3,1
DA:4,1
DA:5,1
DA:8,1
DA:9,2
DA:10,2
DA:14,2
DA:15,2
DA:17,2
DA:18,1
DA:20,1
LF:11
LH:11
BRDA:17,0,0,1
BRF:1
BRH:1
end_of_record
TN:
SF:src\infra\http\controllers\order\GetOrdersController.ts
FN:8,(anonymous_0)
FN:12,(anonymous_1)
FNF:2
FNH:2
FNDA:1,(anonymous_0)
FNDA:1,(anonymous_1)
DA:3,1
DA:5,1
DA:7,1
DA:8,1
DA:9,1
DA:13,1
DA:14,1
DA:15,1
LF:8
LH:8
BRF:0
BRH:0
end_of_record
TN:
SF:src\infra\http\errors\ServerError.ts
FN:2,(anonymous_0)
FNF:1
FNH:1
FNDA:1,(anonymous_0)
DA:1,6
DA:3,1
DA:4,1
DA:5,1
LF:4
LH:4
BRF:0
BRH:0
end_of_record
TN:
SF:src\infra\http\helpers\http.ts
FN:5,(anonymous_0)
FN:10,(anonymous_1)
FN:14,(anonymous_2)
FN:19,(anonymous_3)
FN:24,(anonymous_4)
FN:29,(anonymous_5)
FN:33,(anonymous_6)
FNF:7
FNH:5
FNDA:3,(anonymous_0)
FNDA:1,(anonymous_1)
FNDA:1,(anonymous_2)
FNDA:0,(anonymous_3)
FNDA:0,(anonymous_4)
FNDA:3,(anonymous_5)
FNDA:1,(anonymous_6)
DA:3,6
DA:5,6
DA:10,6
DA:14,6
DA:19,6
DA:24,6
DA:29,6
DA:33,6
DA:34,1
DA:35,1
LF:10
LH:10
BRDA:34,0,0,1
BRDA:34,0,1,0
BRF:2
BRH:1
end_of_record
